<?xml version="1.0" encoding="UTF-8"?>
<!-- Generated by org.testng.reporters.JUnitReportReporter -->
<testsuite hostname="LAPTOP-2R2N66BV" failures="0" tests="7" name="com.MyAppApplicationTestscode" time="19.342" errors="0" timestamp="2022-10-14T00:14:09 IST" skipped="0">
  <testcase classname="com.MyAppApplicationTestscode" name="testing" time="2.768"/>
  <system-out/>
  <testcase classname="com.MyAppApplicationTestscode" name="signup" time="4.221"/>
  <system-out/>
  <testcase classname="com.MyAppApplicationTestscode" name="signin" time="2.789"/>
  <system-out/>
  <testcase classname="com.MyAppApplicationTestscode" name="adminhome" time="2.249"/>
  <system-out/>
  <testcase classname="com.MyAppApplicationTestscode" name="userhome" time="2.091"/>
  <system-out/>
  <testcase classname="com.MyAppApplicationTestscode" name="loadusers" time="2.546"/>
  <system-out/>
  <testcase classname="com.MyAppApplicationTestscode" name="approve" time="2.678"/>
  <system-out/>
</testsuite> <!-- com.MyAppApplicationTestscode -->
