<?xml version="1.0" encoding="UTF-8"?>
<testng-results ignored="0" total="8" passed="8" failed="0" skipped="0">
  <reporter-output>
  </reporter-output>
  <suite started-at="2022-10-14T00:13:50 IST" name="Suite" finished-at="2022-10-14T00:14:09 IST" duration-ms="19422">
    <groups>
    </groups>
    <test started-at="2022-10-14T00:13:50 IST" name="Test" finished-at="2022-10-14T00:14:09 IST" duration-ms="19422">
      <class name="com.MyAppApplicationTests">
        <test-method signature="f()[pri:0, instance:com.MyAppApplicationTests@50378a4]" started-at="2022-10-14T00:14:09 IST" name="f" finished-at="2022-10-14T00:14:09 IST" duration-ms="0" status="PASS">
          <reporter-output>
          </reporter-output>
        </test-method> <!-- f -->
      </class> <!-- com.MyAppApplicationTests -->
      <class name="com.MyAppApplicationTestscode">
        <test-method is-config="true" signature="beforeMethod()[pri:0, instance:com.MyAppApplicationTestscode@5965d37]" started-at="2022-10-14T00:13:50 IST" name="beforeMethod" finished-at="2022-10-14T00:13:52 IST" duration-ms="2578" status="PASS">
          <reporter-output>
          </reporter-output>
        </test-method> <!-- beforeMethod -->
        <test-method signature="testing()[pri:0, instance:com.MyAppApplicationTestscode@5965d37]" started-at="2022-10-14T00:13:52 IST" name="testing" finished-at="2022-10-14T00:13:54 IST" duration-ms="1678" status="PASS">
          <reporter-output>
          </reporter-output>
        </test-method> <!-- testing -->
        <test-method is-config="true" signature="afterMethod()[pri:0, instance:com.MyAppApplicationTestscode@5965d37]" started-at="2022-10-14T00:13:54 IST" name="afterMethod" finished-at="2022-10-14T00:13:54 IST" duration-ms="1" status="PASS">
          <reporter-output>
          </reporter-output>
        </test-method> <!-- afterMethod -->
        <test-method is-config="true" signature="beforeMethod()[pri:0, instance:com.MyAppApplicationTestscode@5965d37]" started-at="2022-10-14T00:13:54 IST" name="beforeMethod" finished-at="2022-10-14T00:13:55 IST" duration-ms="1090" status="PASS">
          <reporter-output>
          </reporter-output>
        </test-method> <!-- beforeMethod -->
        <test-method signature="signup()[pri:1, instance:com.MyAppApplicationTestscode@5965d37]" started-at="2022-10-14T00:13:55 IST" name="signup" finished-at="2022-10-14T00:13:57 IST" duration-ms="1642" status="PASS">
          <reporter-output>
          </reporter-output>
        </test-method> <!-- signup -->
        <test-method is-config="true" signature="afterMethod()[pri:0, instance:com.MyAppApplicationTestscode@5965d37]" started-at="2022-10-14T00:13:57 IST" name="afterMethod" finished-at="2022-10-14T00:13:57 IST" duration-ms="0" status="PASS">
          <reporter-output>
          </reporter-output>
        </test-method> <!-- afterMethod -->
        <test-method is-config="true" signature="beforeMethod()[pri:0, instance:com.MyAppApplicationTestscode@5965d37]" started-at="2022-10-14T00:13:57 IST" name="beforeMethod" finished-at="2022-10-14T00:13:58 IST" duration-ms="1047" status="PASS">
          <reporter-output>
          </reporter-output>
        </test-method> <!-- beforeMethod -->
        <test-method signature="signin()[pri:2, instance:com.MyAppApplicationTestscode@5965d37]" started-at="2022-10-14T00:13:58 IST" name="signin" finished-at="2022-10-14T00:13:59 IST" duration-ms="1616" status="PASS">
          <reporter-output>
          </reporter-output>
        </test-method> <!-- signin -->
        <test-method is-config="true" signature="afterMethod()[pri:0, instance:com.MyAppApplicationTestscode@5965d37]" started-at="2022-10-14T00:13:59 IST" name="afterMethod" finished-at="2022-10-14T00:13:59 IST" duration-ms="0" status="PASS">
          <reporter-output>
          </reporter-output>
        </test-method> <!-- afterMethod -->
        <test-method is-config="true" signature="beforeMethod()[pri:0, instance:com.MyAppApplicationTestscode@5965d37]" started-at="2022-10-14T00:13:59 IST" name="beforeMethod" finished-at="2022-10-14T00:14:01 IST" duration-ms="1208" status="PASS">
          <reporter-output>
          </reporter-output>
        </test-method> <!-- beforeMethod -->
        <test-method signature="adminhome()[pri:4, instance:com.MyAppApplicationTestscode@5965d37]" started-at="2022-10-14T00:14:01 IST" name="adminhome" finished-at="2022-10-14T00:14:02 IST" duration-ms="1041" status="PASS">
          <reporter-output>
          </reporter-output>
        </test-method> <!-- adminhome -->
        <test-method is-config="true" signature="beforeMethod()[pri:0, instance:com.MyAppApplicationTestscode@5965d37]" started-at="2022-10-14T00:14:02 IST" name="beforeMethod" finished-at="2022-10-14T00:14:03 IST" duration-ms="1173" status="PASS">
          <reporter-output>
          </reporter-output>
        </test-method> <!-- beforeMethod -->
        <test-method is-config="true" signature="afterMethod()[pri:0, instance:com.MyAppApplicationTestscode@5965d37]" started-at="2022-10-14T00:14:02 IST" name="afterMethod" finished-at="2022-10-14T00:14:02 IST" duration-ms="0" status="PASS">
          <reporter-output>
          </reporter-output>
        </test-method> <!-- afterMethod -->
        <test-method signature="userhome()[pri:5, instance:com.MyAppApplicationTestscode@5965d37]" started-at="2022-10-14T00:14:03 IST" name="userhome" finished-at="2022-10-14T00:14:04 IST" duration-ms="1041" status="PASS">
          <reporter-output>
          </reporter-output>
        </test-method> <!-- userhome -->
        <test-method is-config="true" signature="afterMethod()[pri:0, instance:com.MyAppApplicationTestscode@5965d37]" started-at="2022-10-14T00:14:04 IST" name="afterMethod" finished-at="2022-10-14T00:14:04 IST" duration-ms="0" status="PASS">
          <reporter-output>
          </reporter-output>
        </test-method> <!-- afterMethod -->
        <test-method is-config="true" signature="beforeMethod()[pri:0, instance:com.MyAppApplicationTestscode@5965d37]" started-at="2022-10-14T00:14:04 IST" name="beforeMethod" finished-at="2022-10-14T00:14:05 IST" duration-ms="1194" status="PASS">
          <reporter-output>
          </reporter-output>
        </test-method> <!-- beforeMethod -->
        <test-method signature="loadusers()[pri:6, instance:com.MyAppApplicationTestscode@5965d37]" started-at="2022-10-14T00:14:05 IST" name="loadusers" finished-at="2022-10-14T00:14:06 IST" duration-ms="1125" status="PASS">
          <reporter-output>
          </reporter-output>
        </test-method> <!-- loadusers -->
        <test-method is-config="true" signature="afterMethod()[pri:0, instance:com.MyAppApplicationTestscode@5965d37]" started-at="2022-10-14T00:14:06 IST" name="afterMethod" finished-at="2022-10-14T00:14:06 IST" duration-ms="3" status="PASS">
          <reporter-output>
          </reporter-output>
        </test-method> <!-- afterMethod -->
        <test-method is-config="true" signature="beforeMethod()[pri:0, instance:com.MyAppApplicationTestscode@5965d37]" started-at="2022-10-14T00:14:06 IST" name="beforeMethod" finished-at="2022-10-14T00:14:08 IST" duration-ms="1421" status="PASS">
          <reporter-output>
          </reporter-output>
        </test-method> <!-- beforeMethod -->
        <test-method signature="approve()[pri:7, instance:com.MyAppApplicationTestscode@5965d37]" started-at="2022-10-14T00:14:08 IST" name="approve" finished-at="2022-10-14T00:14:09 IST" duration-ms="1484" status="PASS">
          <reporter-output>
          </reporter-output>
        </test-method> <!-- approve -->
        <test-method is-config="true" signature="afterMethod()[pri:0, instance:com.MyAppApplicationTestscode@5965d37]" started-at="2022-10-14T00:14:09 IST" name="afterMethod" finished-at="2022-10-14T00:14:09 IST" duration-ms="0" status="PASS">
          <reporter-output>
          </reporter-output>
        </test-method> <!-- afterMethod -->
      </class> <!-- com.MyAppApplicationTestscode -->
    </test> <!-- Test -->
  </suite> <!-- Suite -->
</testng-results>
