<?xml version="1.0" encoding="UTF-8"?>
<!-- Generated by org.testng.reporters.JUnitXMLReporter -->
<testsuite ignored="0" hostname="LAPTOP-2R2N66BV" failures="0" tests="8" name="Test" time="19.422" errors="0" timestamp="2022-10-14T00:14:09 IST">
  <testcase classname="com.MyAppApplicationTestscode" name="testing" time="1.678"/>
  <testcase classname="com.MyAppApplicationTestscode" name="signup" time="1.642"/>
  <testcase classname="com.MyAppApplicationTestscode" name="signin" time="1.616"/>
  <testcase classname="com.MyAppApplicationTestscode" name="adminhome" time="1.041"/>
  <testcase classname="com.MyAppApplicationTestscode" name="userhome" time="1.041"/>
  <testcase classname="com.MyAppApplicationTestscode" name="loadusers" time="1.125"/>
  <testcase classname="com.MyAppApplicationTestscode" name="approve" time="1.484"/>
  <testcase classname="com.MyAppApplicationTests" name="f" time="0.0"/>
</testsuite> <!-- Test -->
